<?xml version="1.0" encoding="UTF-8"?>
<!-- Generated by org.testng.reporters.JUnitReportReporter -->
<testsuite hostname="LMC-LT-099" failures="0" tests="1" name="com.netBanking.testCases.LoginTest" time="5.383" errors="0" timestamp="2023-12-15T15:57:37 IST" skipped="0">
  <testcase classname="com.netBanking.testCases.LoginTest" name="loginTest" time="5.383"/>
  <system-out/>
</testsuite> <!-- com.netBanking.testCases.LoginTest -->
