<?xml version="1.0" encoding="UTF-8"?>
<!-- Generated by org.testng.reporters.JUnitReportReporter -->
<testsuite hostname="LMC-LT-099" failures="0" tests="2" name="com.netBanking.testCases.NetBanking" time="31.361" errors="0" timestamp="2023-12-18T10:18:25 IST" skipped="0">
  <testcase classname="com.netBanking.testCases.NetBanking" name="editCustomerDetails" time="12.254"/>
  <system-out/>
  <testcase classname="com.netBanking.testCases.NetBanking" name="addCustomer" time="19.107"/>
  <system-out/>
</testsuite> <!-- com.netBanking.testCases.NetBanking -->
