<?xml version="1.0" encoding="UTF-8"?>
<!-- Generated by org.testng.reporters.JUnitReportReporter -->
<testsuite hostname="LMC-LT-099" failures="0" tests="1" name="com.netBanking.testCases.AdNewCustomer" time="12.131" errors="0" timestamp="2023-12-12T09:46:58 IST" skipped="0">
  <testcase classname="com.netBanking.testCases.AdNewCustomer" name="addCustomer" time="12.131"/>
  <system-out/>
</testsuite> <!-- com.netBanking.testCases.AdNewCustomer -->
