<?xml version="1.0" encoding="UTF-8"?>
<!-- Generated by org.testng.reporters.JUnitReportReporter -->
<testsuite hostname="LMC-LT-099" failures="0" tests="1" name="com.netBanking.testCases.TC_LoginTest001" time="5.297" errors="0" timestamp="2023-11-20T12:52:26 IST" skipped="0">
  <testcase classname="com.netBanking.testCases.TC_LoginTest001" name="loginTest" time="5.297"/>
  <system-out/>
</testsuite> <!-- com.netBanking.testCases.TC_LoginTest001 -->
