<?xml version="1.0" encoding="UTF-8"?>
<!-- Generated by org.testng.reporters.JUnitReportReporter -->
<testsuite hostname="LMC-LT-099" failures="0" tests="1" name="com.netBanking.testCases.LoginTest" time="11.917" errors="0" timestamp="2023-12-27T17:04:02 IST" skipped="0">
  <testcase classname="com.netBanking.testCases.LoginTest" name="loginTest" time="11.917"/>
</testsuite> <!-- com.netBanking.testCases.LoginTest -->
